2024-08-19 03:12:39,899 - INFO - WebSocket Unified V5 (Auth) attempting connection...
2024-08-19 03:12:40,474 - INFO - Websocket connected
2024-08-19 03:12:40,474 - INFO - WebSocket Unified V5 (Auth) connected
2024-08-19 03:12:40,475 - INFO - Successfully subscribed to WebSocket updates for ETHUSDT
2024-08-19 03:12:40,890 - INFO - Placed buy order at 2653.8, Order ID: 1755503800313190144
2024-08-19 03:12:40,891 - INFO - Processing order with ID: 1755503800313190144, Status: New
2024-08-19 03:13:31,994 - INFO - Processing order with ID: 1755504229013001984, Status: New
2024-08-19 03:13:47,676 - INFO - State checkpointed successfully.
2024-08-19 03:14:57,621 - INFO - State checkpointed successfully.
2024-08-19 03:15:52,734 - INFO - Buy size changed to 0.005
2024-08-19 03:15:53,529 - INFO - param modification info updated
2024-08-19 03:16:03,740 - INFO - State checkpointed successfully.
2024-08-19 03:16:04,779 - INFO - Buy size changed to 0.004
2024-08-19 03:16:07,488 - INFO - param modification info updated
2024-08-19 03:17:13,084 - INFO - State checkpointed successfully.
2024-08-19 03:18:03,177 - INFO - Processing order with ID: 1755506503860885248, Status: New
2024-08-19 03:18:17,231 - INFO - State checkpointed successfully.
2024-08-19 03:18:24,932 - INFO - Processing order with ID: 1755506503860885248, Status: Filled
2024-08-19 03:18:24,932 - INFO - Order filled - ID: 1755506503860885248, Side: Buy, Price: 59613.7, Qty: 6e-05
2024-08-19 03:18:25,055 - ERROR - Error placing sell order at 59623.7: Failed to place sell order at 59623.7. Retrying in 0.5 seconds...
2024-08-19 03:18:25,056 - ERROR - Error occurred on line     raise(Exception(f"Failed to place sell order at {sell_price}"))
2024-08-19 03:18:25,663 - ERROR - Error placing sell order at 59623.7: Failed to place sell order at 59623.7. Retrying in 1.0 seconds...
2024-08-19 03:18:25,664 - ERROR - Error occurred on line     raise(Exception(f"Failed to place sell order at {sell_price}"))
2024-08-19 03:18:26,772 - ERROR - Error placing sell order at 59623.7: Failed to place sell order at 59623.7. Retrying in 1.5 seconds...
2024-08-19 03:18:26,773 - ERROR - Error occurred on line     raise(Exception(f"Failed to place sell order at {sell_price}"))
2024-08-19 03:18:28,378 - ERROR - Error placing sell order at 59623.7: Failed to place sell order at 59623.7. Retrying in 2.0 seconds...
2024-08-19 03:18:28,378 - ERROR - Error occurred on line     raise(Exception(f"Failed to place sell order at {sell_price}"))
2024-08-19 03:18:30,483 - ERROR - Error placing sell order at 59623.7: Failed to place sell order at 59623.7. Retrying in 2.5 seconds...
2024-08-19 03:18:30,483 - ERROR - Error occurred on line     raise(Exception(f"Failed to place sell order at {sell_price}"))
2024-08-19 03:18:33,093 - ERROR - Error placing sell order at 59623.7: Failed to place sell order at 59623.7. Retrying in 3.0 seconds...
2024-08-19 03:18:33,094 - ERROR - Error occurred on line     raise(Exception(f"Failed to place sell order at {sell_price}"))
2024-08-19 03:18:36,385 - ERROR - Error placing sell order at 59623.7: Failed to place sell order at 59623.7. Retrying in 3.5 seconds...
2024-08-19 03:18:36,385 - ERROR - Error occurred on line     raise(Exception(f"Failed to place sell order at {sell_price}"))
2024-08-19 03:18:38,979 - INFO - Placed buy order at 2663.8, Order ID: 1755506804206606080
2024-08-19 03:18:39,990 - ERROR - Error placing sell order at 59623.7: Failed to place sell order at 59623.7. Retrying in 4.0 seconds...
2024-08-19 03:18:39,990 - ERROR - Error occurred on line     raise(Exception(f"Failed to place sell order at {sell_price}"))
2024-08-19 03:18:44,095 - ERROR - Error placing sell order at 59623.7: Failed to place sell order at 59623.7. Retrying in 4.5 seconds...
2024-08-19 03:18:44,096 - ERROR - Error occurred on line     raise(Exception(f"Failed to place sell order at {sell_price}"))
2024-08-19 03:18:48,700 - ERROR - Error placing sell order at 59623.7: Failed to place sell order at 59623.7. Retrying in 5.0 seconds...
2024-08-19 03:18:48,700 - ERROR - Error occurred on line     raise(Exception(f"Failed to place sell order at {sell_price}"))
2024-08-19 03:18:53,991 - ERROR - Error placing sell order at 59623.7: Failed to place sell order at 59623.7. Retrying in 5.5 seconds...
2024-08-19 03:18:53,991 - ERROR - Error occurred on line     raise(Exception(f"Failed to place sell order at {sell_price}"))
2024-08-19 03:18:59,597 - ERROR - Error placing sell order at 59623.7: Failed to place sell order at 59623.7. Retrying in 6.0 seconds...
2024-08-19 03:18:59,597 - ERROR - Error occurred on line     raise(Exception(f"Failed to place sell order at {sell_price}"))
2024-08-19 03:19:05,703 - ERROR - Error placing sell order at 59623.7: Failed to place sell order at 59623.7. Retrying in 6.5 seconds...
2024-08-19 03:19:05,704 - ERROR - Error occurred on line     raise(Exception(f"Failed to place sell order at {sell_price}"))
2024-08-19 03:19:12,494 - ERROR - Error placing sell order at 59623.7: Failed to place sell order at 59623.7. Retrying in 7.0 seconds...
2024-08-19 03:19:12,495 - ERROR - Error occurred on line     raise(Exception(f"Failed to place sell order at {sell_price}"))
2024-08-19 03:19:19,618 - ERROR - Error placing sell order at 59623.7: Failed to place sell order at 59623.7. Retrying in 7.5 seconds...
2024-08-19 03:19:19,619 - ERROR - Error occurred on line     raise(Exception(f"Failed to place sell order at {sell_price}"))
2024-08-19 03:19:21,537 - INFO - State checkpointed successfully.
2024-08-19 03:19:27,224 - ERROR - Error placing sell order at 59623.7: Failed to place sell order at 59623.7. Retrying in 8.0 seconds...
2024-08-19 03:19:27,224 - ERROR - Error occurred on line     raise(Exception(f"Failed to place sell order at {sell_price}"))
2024-08-19 03:19:35,533 - ERROR - Error placing sell order at 59623.7: Failed to place sell order at 59623.7. Retrying in 8.5 seconds...
2024-08-19 03:19:35,533 - ERROR - Error occurred on line     raise(Exception(f"Failed to place sell order at {sell_price}"))
2024-08-19 03:19:44,323 - ERROR - Error placing sell order at 59623.7: Failed to place sell order at 59623.7. Retrying in 9.0 seconds...
2024-08-19 03:19:44,324 - ERROR - Error occurred on line     raise(Exception(f"Failed to place sell order at {sell_price}"))
2024-08-19 03:19:53,429 - ERROR - Error placing sell order at 59623.7: Failed to place sell order at 59623.7. Retrying in 9.5 seconds...
2024-08-19 03:19:53,430 - ERROR - Error occurred on line     raise(Exception(f"Failed to place sell order at {sell_price}"))
2024-08-19 03:20:03,040 - ERROR - Error placing sell order at 59623.7: Failed to place sell order at 59623.7. Retrying in 10.0 seconds...
2024-08-19 03:20:03,041 - ERROR - Error occurred on line     raise(Exception(f"Failed to place sell order at {sell_price}"))
2024-08-19 03:20:13,147 - ERROR - Error placing sell order at 59623.7: Failed to place sell order at 59623.7. Retrying in 10.5 seconds...
2024-08-19 03:20:13,147 - ERROR - Error occurred on line     raise(Exception(f"Failed to place sell order at {sell_price}"))
2024-08-19 03:20:23,753 - ERROR - Error placing sell order at 59623.7: Failed to place sell order at 59623.7. Retrying in 11.0 seconds...
2024-08-19 03:20:23,753 - ERROR - Error occurred on line     raise(Exception(f"Failed to place sell order at {sell_price}"))
2024-08-19 03:20:29,060 - INFO - State checkpointed successfully.
2024-08-19 03:20:35,047 - ERROR - Error placing sell order at 59623.7: Failed to place sell order at 59623.7. Retrying in 11.5 seconds...
2024-08-19 03:20:35,047 - ERROR - Error occurred on line     raise(Exception(f"Failed to place sell order at {sell_price}"))
2024-08-19 03:20:46,655 - ERROR - Error placing sell order at 59623.7: Failed to place sell order at 59623.7. Retrying in 12.0 seconds...
2024-08-19 03:20:46,656 - ERROR - Error occurred on line     raise(Exception(f"Failed to place sell order at {sell_price}"))
2024-08-19 03:20:58,762 - ERROR - Error placing sell order at 59623.7: Failed to place sell order at 59623.7. Retrying in 12.5 seconds...
2024-08-19 03:20:58,763 - ERROR - Error occurred on line     raise(Exception(f"Failed to place sell order at {sell_price}"))
2024-08-19 03:21:11,369 - ERROR - Error placing sell order at 59623.7: Failed to place sell order at 59623.7. Retrying in 13.0 seconds...
2024-08-19 03:21:11,369 - ERROR - Error occurred on line     raise(Exception(f"Failed to place sell order at {sell_price}"))
2024-08-19 03:21:24,474 - ERROR - Error placing sell order at 59623.7: Failed to place sell order at 59623.7. Retrying in 13.5 seconds...
2024-08-19 03:21:24,475 - ERROR - Error occurred on line     raise(Exception(f"Failed to place sell order at {sell_price}"))
2024-08-19 03:21:35,109 - INFO - State checkpointed successfully.
2024-08-19 03:21:38,080 - ERROR - Error placing sell order at 59623.7: Failed to place sell order at 59623.7. Retrying in 14.0 seconds...
2024-08-19 03:21:38,080 - ERROR - Error occurred on line     raise(Exception(f"Failed to place sell order at {sell_price}"))
2024-08-19 03:21:52,202 - ERROR - Error placing sell order at 59623.7: Failed to place sell order at 59623.7. Retrying in 14.5 seconds...
2024-08-19 03:21:52,202 - ERROR - Error occurred on line     raise(Exception(f"Failed to place sell order at {sell_price}"))
2024-08-19 03:22:06,809 - ERROR - Error placing sell order at 59623.7: Failed to place sell order at 59623.7. Retrying in 15.0 seconds...
2024-08-19 03:22:06,809 - ERROR - Error occurred on line     raise(Exception(f"Failed to place sell order at {sell_price}"))
2024-08-19 03:22:21,914 - ERROR - Error placing sell order at 59623.7: Failed to place sell order at 59623.7. Retrying in 15.5 seconds...
2024-08-19 03:22:21,914 - ERROR - Error occurred on line     raise(Exception(f"Failed to place sell order at {sell_price}"))
2024-08-19 03:22:37,520 - ERROR - Error placing sell order at 59623.7: Failed to place sell order at 59623.7. Retrying in 16.0 seconds...
2024-08-19 03:22:37,521 - ERROR - Error occurred on line     raise(Exception(f"Failed to place sell order at {sell_price}"))
2024-08-19 03:22:40,503 - INFO - State checkpointed successfully.
2024-08-19 03:22:53,813 - ERROR - Error placing sell order at 59623.7: Failed to place sell order at 59623.7. Retrying in 16.5 seconds...
2024-08-19 03:22:53,814 - ERROR - Error occurred on line     raise(Exception(f"Failed to place sell order at {sell_price}"))
2024-08-19 03:23:10,421 - ERROR - Error placing sell order at 59623.7: Failed to place sell order at 59623.7. Retrying in 17.0 seconds...
2024-08-19 03:23:10,422 - ERROR - Error occurred on line     raise(Exception(f"Failed to place sell order at {sell_price}"))
2024-08-19 03:23:27,528 - ERROR - Error placing sell order at 59623.7: Failed to place sell order at 59623.7. Retrying in 17.5 seconds...
2024-08-19 03:23:27,528 - ERROR - Error occurred on line     raise(Exception(f"Failed to place sell order at {sell_price}"))
2024-08-19 03:23:45,136 - ERROR - Error placing sell order at 59623.7: Failed to place sell order at 59623.7. Retrying in 18.0 seconds...
2024-08-19 03:23:45,136 - ERROR - Error occurred on line     raise(Exception(f"Failed to place sell order at {sell_price}"))
2024-08-19 03:23:48,397 - INFO - State checkpointed successfully.
2024-08-19 03:24:03,242 - ERROR - Error placing sell order at 59623.7: Failed to place sell order at 59623.7. Retrying in 18.5 seconds...
2024-08-19 03:24:03,242 - ERROR - Error occurred on line     raise(Exception(f"Failed to place sell order at {sell_price}"))
2024-08-19 03:24:22,036 - ERROR - Error placing sell order at 59623.7: Failed to place sell order at 59623.7. Retrying in 19.0 seconds...
2024-08-19 03:24:22,036 - ERROR - Error occurred on line     raise(Exception(f"Failed to place sell order at {sell_price}"))
2024-08-19 03:24:41,142 - ERROR - Error placing sell order at 59623.7: Failed to place sell order at 59623.7. Retrying in 19.5 seconds...
2024-08-19 03:24:41,142 - ERROR - Error occurred on line     raise(Exception(f"Failed to place sell order at {sell_price}"))
2024-08-19 03:24:53,454 - INFO - State checkpointed successfully.
2024-08-19 03:25:00,931 - ERROR - Error placing sell order at 59623.7: Failed to place sell order at 59623.7. Retrying in 20.0 seconds...
2024-08-19 03:25:00,931 - ERROR - Error occurred on line     raise(Exception(f"Failed to place sell order at {sell_price}"))
2024-08-19 03:25:21,225 - ERROR - Error placing sell order at 59623.7: Failed to place sell order at 59623.7. Retrying in 20.5 seconds...
2024-08-19 03:25:21,226 - ERROR - Error occurred on line     raise(Exception(f"Failed to place sell order at {sell_price}"))
2024-08-19 03:25:42,018 - ERROR - Error placing sell order at 59623.7: Failed to place sell order at 59623.7. Retrying in 21.0 seconds...
2024-08-19 03:25:42,018 - ERROR - Error occurred on line     raise(Exception(f"Failed to place sell order at {sell_price}"))
2024-08-19 03:25:58,816 - INFO - State checkpointed successfully.
2024-08-19 03:26:03,125 - ERROR - Error placing sell order at 59623.7: Failed to place sell order at 59623.7. Retrying in 21.5 seconds...
2024-08-19 03:26:03,126 - ERROR - Error occurred on line     raise(Exception(f"Failed to place sell order at {sell_price}"))
2024-08-19 03:26:24,736 - ERROR - Error placing sell order at 59623.7: Failed to place sell order at 59623.7. Retrying in 22.0 seconds...
2024-08-19 03:26:24,737 - ERROR - Error occurred on line     raise(Exception(f"Failed to place sell order at {sell_price}"))
2024-08-19 03:26:46,845 - ERROR - Error placing sell order at 59623.7: Failed to place sell order at 59623.7. Retrying in 22.5 seconds...
2024-08-19 03:26:46,845 - ERROR - Error occurred on line     raise(Exception(f"Failed to place sell order at {sell_price}"))
2024-08-19 03:27:03,347 - INFO - State checkpointed successfully.
2024-08-19 03:27:09,637 - ERROR - Error placing sell order at 59623.7: Failed to place sell order at 59623.7. Retrying in 23.0 seconds...
2024-08-19 03:27:09,638 - ERROR - Error occurred on line     raise(Exception(f"Failed to place sell order at {sell_price}"))
2024-08-19 03:27:32,930 - ERROR - Error placing sell order at 59623.7: Failed to place sell order at 59623.7. Retrying in 23.5 seconds...
2024-08-19 03:27:32,931 - ERROR - Error occurred on line     raise(Exception(f"Failed to place sell order at {sell_price}"))
2024-08-19 03:27:56,536 - ERROR - Error placing sell order at 59623.7: Failed to place sell order at 59623.7. Retrying in 24.0 seconds...
2024-08-19 03:27:56,537 - ERROR - Error occurred on line     raise(Exception(f"Failed to place sell order at {sell_price}"))
2024-08-19 03:28:08,502 - INFO - State checkpointed successfully.
2024-08-19 03:28:20,643 - ERROR - Error placing sell order at 59623.7: Failed to place sell order at 59623.7. Retrying in 24.5 seconds...
2024-08-19 03:28:20,643 - ERROR - Error occurred on line     raise(Exception(f"Failed to place sell order at {sell_price}"))
2024-08-19 03:28:45,250 - ERROR - Error placing sell order at 59623.7: Failed to place sell order at 59623.7. Retrying in 25.0 seconds...
2024-08-19 03:28:45,251 - ERROR - Error occurred on line     raise(Exception(f"Failed to place sell order at {sell_price}"))
2024-08-19 03:29:10,359 - ERROR - Error placing sell order at 59623.7: Failed to place sell order at 59623.7. Retrying in 25.5 seconds...
2024-08-19 03:29:10,360 - ERROR - Error occurred on line     raise(Exception(f"Failed to place sell order at {sell_price}"))
2024-08-19 03:29:13,650 - INFO - State checkpointed successfully.
2024-08-19 03:29:36,152 - ERROR - Error placing sell order at 59623.7: Failed to place sell order at 59623.7. Retrying in 26.0 seconds...
2024-08-19 03:29:36,153 - ERROR - Error occurred on line     raise(Exception(f"Failed to place sell order at {sell_price}"))
2024-08-19 03:30:02,260 - ERROR - Error placing sell order at 59623.7: Failed to place sell order at 59623.7. Retrying in 26.5 seconds...
2024-08-19 03:30:02,260 - ERROR - Error occurred on line     raise(Exception(f"Failed to place sell order at {sell_price}"))
2024-08-19 03:30:19,529 - INFO - State checkpointed successfully.
2024-08-19 03:30:28,866 - ERROR - Error placing sell order at 59623.7: Failed to place sell order at 59623.7. Retrying in 27.0 seconds...
2024-08-19 03:30:28,867 - ERROR - Error occurred on line     raise(Exception(f"Failed to place sell order at {sell_price}"))
2024-08-19 03:30:56,158 - ERROR - Error placing sell order at 59623.7: Failed to place sell order at 59623.7. Retrying in 27.5 seconds...
2024-08-19 03:30:56,159 - ERROR - Error occurred on line     raise(Exception(f"Failed to place sell order at {sell_price}"))
2024-08-19 03:31:23,766 - ERROR - Error placing sell order at 59623.7: Failed to place sell order at 59623.7. Retrying in 28.0 seconds...
2024-08-19 03:31:23,767 - ERROR - Error occurred on line     raise(Exception(f"Failed to place sell order at {sell_price}"))
2024-08-19 03:31:24,727 - INFO - State checkpointed successfully.
2024-08-19 03:31:51,871 - ERROR - Error placing sell order at 59623.7: Failed to place sell order at 59623.7. Retrying in 28.5 seconds...
2024-08-19 03:31:51,872 - ERROR - Error occurred on line     raise(Exception(f"Failed to place sell order at {sell_price}"))
2024-08-19 03:32:20,479 - ERROR - Error placing sell order at 59623.7: Failed to place sell order at 59623.7. Retrying in 29.0 seconds...
2024-08-19 03:32:20,479 - ERROR - Error occurred on line     raise(Exception(f"Failed to place sell order at {sell_price}"))
2024-08-19 03:32:29,553 - INFO - State checkpointed successfully.
2024-08-19 03:32:49,772 - ERROR - Error placing sell order at 59623.7: Failed to place sell order at 59623.7. Retrying in 29.5 seconds...
2024-08-19 03:32:49,773 - ERROR - Error occurred on line     raise(Exception(f"Failed to place sell order at {sell_price}"))
2024-08-19 03:33:19,563 - ERROR - Error placing sell order at 59623.7: Failed to place sell order at 59623.7. Retrying in 30.0 seconds...
2024-08-19 03:33:19,563 - ERROR - Error occurred on line     raise(Exception(f"Failed to place sell order at {sell_price}"))
2024-08-19 03:33:37,816 - INFO - State checkpointed successfully.
2024-08-19 03:33:49,670 - ERROR - Error placing sell order at 59623.7: Failed to place sell order at 59623.7. Retrying in 30.0 seconds...
2024-08-19 03:33:49,670 - ERROR - Error occurred on line     raise(Exception(f"Failed to place sell order at {sell_price}"))
2024-08-19 03:34:13,742 - INFO - Buy size changed to 0.005
2024-08-19 03:34:14,846 - INFO - param modification info updated
2024-08-19 03:34:19,778 - ERROR - Error placing sell order at 59623.7: Failed to place sell order at 59623.7. Retrying in 30.0 seconds...
2024-08-19 03:34:19,779 - ERROR - Error occurred on line     raise(Exception(f"Failed to place sell order at {sell_price}"))
2024-08-19 03:34:46,761 - INFO - State checkpointed successfully.
2024-08-19 03:34:49,889 - ERROR - Error placing sell order at 59623.7: Failed to place sell order at 59623.7. Retrying in 30.0 seconds...
2024-08-19 03:34:49,889 - ERROR - Error occurred on line     raise(Exception(f"Failed to place sell order at {sell_price}"))
2024-08-19 03:35:19,996 - ERROR - Error placing sell order at 59623.7: Failed to place sell order at 59623.7. Retrying in 30.0 seconds...
2024-08-19 03:35:19,997 - ERROR - Error occurred on line     raise(Exception(f"Failed to place sell order at {sell_price}"))
2024-08-19 03:35:43,717 - INFO - Shutting down gracefully...
2024-08-19 03:35:43,717 - INFO - State checkpointed successfully.
2024-08-19 03:35:43,717 - INFO - Flushed pending updates to CSV.
2024-08-19 03:35:43,718 - ERROR - Graceful shutdown failed.
